<?xml version="1.0" encoding="UTF-8"?>
<!-- Generated by org.testng.reporters.JUnitReportReporter -->
<testsuite hostname="ETGLENLT30-PC" failures="0" tests="1" name="TestScripts.omniChannelInventry" time="11.215" errors="0" timestamp="2024-04-15T17:02:54 IST" skipped="0">
  <testcase classname="TestScripts.omniChannelInventry" name="OmniChannelInventry" time="11.215"/>
  <system-out/>
</testsuite> <!-- TestScripts.omniChannelInventry -->
