<?xml version="1.0" encoding="UTF-8"?>
<!-- Generated by org.testng.reporters.JUnitReportReporter -->
<testsuite hostname="ETGLENLT30-PC" failures="0" tests="1" name="TestScripts.OrderManagement" time="11.229" errors="0" timestamp="2024-04-15T17:02:54 IST" skipped="0">
  <testcase classname="TestScripts.OrderManagement" name="orderManagement" time="11.229"/>
  <system-out/>
</testsuite> <!-- TestScripts.OrderManagement -->
