<?xml version="1.0" encoding="UTF-8"?>
<!-- Generated by org.testng.reporters.JUnitReportReporter -->
<testsuite hostname="DESKTOP-P9MM3AH" failures="0" tests="2" name="TestScripts.OrgEditionandCurrencyCheck" time="22.494" errors="0" timestamp="2024-04-02T12:00:24 IST" skipped="0">
  <testcase classname="TestScripts.OrgEditionandCurrencyCheck" name="currecyIsSetToUsd" time="0.039"/>
  <testcase classname="TestScripts.OrgEditionandCurrencyCheck" name="orgEdtitionCheck" time="22.455"/>
</testsuite> <!-- TestScripts.OrgEditionandCurrencyCheck -->
