<?xml version="1.0" encoding="UTF-8"?>
<!-- Generated by org.testng.reporters.JUnitReportReporter -->
<testsuite hostname="ETGLENLT30-PC" failures="0" tests="3" name="TestScripts.loginToCC" time="16.636" errors="3" timestamp="2024-04-12T10:29:24 IST" skipped="0">
  <testcase classname="TestScripts.loginToCC" name="logintoCCSandBox" time="6.272">
    <error message="Error {
  message=&#039;Target closed
=========================== logs ===========================
waiting for selector &quot;//input[@type=&#039;password&#039; and @id=&#039;idToken2&#039;]&quot;
============================================================
  name=&#039;Error
  stack=&#039;Error: Target closed
=========================== logs ===========================
waiting for selector &quot;//input[@type=&#039;password&#039; and @id=&#039;idToken2&#039;]&quot;
============================================================
    at CRSession.send (C:\Users\UPENDR~1\AppData\Local\Temp\playwright-java-2159481666485240188\package\lib\server\chromium\crConnection.js:196:34)
    at CRExecutionContext.evaluateWithArguments (C:\Users\UPENDR~1\AppData\Local\Temp\playwright-java-2159481666485240188\package\lib\server\chromium\crExecutionContext.js:89:28)
    at FrameExecutionContext.evaluateWithArguments (C:\Users\UPENDR~1\AppData\Local\Temp\playwright-java-2159481666485240188\package\lib\server\javascript.js:73:61)
    at evaluateExpression (C:\Users\UPENDR~1\AppData\Local\Temp\playwright-java-2159481666485240188\package\lib\server\javascript.js:263:26)
    at async RerunnableTask.rerun (C:\Users\UPENDR~1\AppData\Local\Temp\playwright-java-2159481666485240188\package\lib\server\frames.js:1686:77)
}" type="com.microsoft.playwright.PlaywrightException">
      <![CDATA[com.microsoft.playwright.PlaywrightException: Error {
  message='Target closed
=========================== logs ===========================
waiting for selector "//input[@type='password' and @id='idToken2']"
============================================================
  name='Error
  stack='Error: Target closed
=========================== logs ===========================
waiting for selector "//input[@type='password' and @id='idToken2']"
============================================================
    at CRSession.send (C:\Users\UPENDR~1\AppData\Local\Temp\playwright-java-2159481666485240188\package\lib\server\chromium\crConnection.js:196:34)
    at CRExecutionContext.evaluateWithArguments (C:\Users\UPENDR~1\AppData\Local\Temp\playwright-java-2159481666485240188\package\lib\server\chromium\crExecutionContext.js:89:28)
    at FrameExecutionContext.evaluateWithArguments (C:\Users\UPENDR~1\AppData\Local\Temp\playwright-java-2159481666485240188\package\lib\server\javascript.js:73:61)
    at evaluateExpression (C:\Users\UPENDR~1\AppData\Local\Temp\playwright-java-2159481666485240188\package\lib\server\javascript.js:263:26)
    at async RerunnableTask.rerun (C:\Users\UPENDR~1\AppData\Local\Temp\playwright-java-2159481666485240188\package\lib\server\frames.js:1686:77)
}
at com.microsoft.playwright.impl.WaitableResult.get(WaitableResult.java:54)
at com.microsoft.playwright.impl.ChannelOwner.runUntil(ChannelOwner.java:103)
at com.microsoft.playwright.impl.Connection.sendMessage(Connection.java:115)
at com.microsoft.playwright.impl.ChannelOwner.sendMessage(ChannelOwner.java:94)
at com.microsoft.playwright.impl.FrameImpl.fillImpl(FrameImpl.java:338)
at com.microsoft.playwright.impl.PageImpl.lambda$fill$27(PageImpl.java:706)
at com.microsoft.playwright.impl.LoggingSupport.lambda$withLogging$0(LoggingSupport.java:36)
at com.microsoft.playwright.impl.LoggingSupport.withLogging(LoggingSupport.java:47)
at com.microsoft.playwright.impl.ChannelOwner.withLogging(ChannelOwner.java:79)
at com.microsoft.playwright.impl.LoggingSupport.withLogging(LoggingSupport.java:35)
at com.microsoft.playwright.impl.PageImpl.fill(PageImpl.java:705)
at com.microsoft.playwright.Page.fill(Page.java:3938)
at TestScripts.loginToCC.logintoCCSandBox(loginToCC.java:19)
at java.base/jdk.internal.reflect.DirectMethodHandleAccessor.invoke(DirectMethodHandleAccessor.java:104)
at java.base/java.lang.reflect.Method.invoke(Method.java:578)
at org.testng.internal.MethodInvocationHelper.invokeMethod(MethodInvocationHelper.java:133)
at org.testng.internal.TestInvoker.invokeMethod(TestInvoker.java:598)
at org.testng.internal.TestInvoker.invokeTestMethod(TestInvoker.java:173)
at org.testng.internal.MethodRunner.runInSequence(MethodRunner.java:46)
at org.testng.internal.TestInvoker$MethodInvocationAgent.invoke(TestInvoker.java:824)
at org.testng.internal.TestInvoker.invokeTestMethods(TestInvoker.java:146)
at org.testng.internal.TestMethodWorker.invokeTestMethods(TestMethodWorker.java:146)
at org.testng.internal.TestMethodWorker.run(TestMethodWorker.java:128)
at java.base/java.util.ArrayList.forEach(ArrayList.java:1511)
at org.testng.TestRunner.privateRun(TestRunner.java:794)
at org.testng.TestRunner.run(TestRunner.java:596)
at org.testng.SuiteRunner.runTest(SuiteRunner.java:377)
at org.testng.SuiteRunner.runSequentially(SuiteRunner.java:371)
at org.testng.SuiteRunner.privateRun(SuiteRunner.java:332)
at org.testng.SuiteRunner.run(SuiteRunner.java:276)
at org.testng.SuiteRunnerWorker.runSuite(SuiteRunnerWorker.java:53)
at org.testng.SuiteRunnerWorker.run(SuiteRunnerWorker.java:96)
at org.testng.TestNG.runSuitesSequentially(TestNG.java:1212)
at org.testng.TestNG.runSuitesLocally(TestNG.java:1134)
at org.testng.TestNG.runSuites(TestNG.java:1063)
at org.testng.TestNG.run(TestNG.java:1031)
at org.testng.remote.AbstractRemoteTestNG.run(AbstractRemoteTestNG.java:115)
at org.testng.remote.RemoteTestNG.initAndRun(RemoteTestNG.java:251)
at org.testng.remote.RemoteTestNG.main(RemoteTestNG.java:77)
Caused by: com.microsoft.playwright.impl.DriverException: Error {
  message='Target closed
=========================== logs ===========================
waiting for selector "//input[@type='password' and @id='idToken2']"
============================================================
  name='Error
  stack='Error: Target closed
=========================== logs ===========================
waiting for selector "//input[@type='password' and @id='idToken2']"
============================================================
    at CRSession.send (C:\Users\UPENDR~1\AppData\Local\Temp\playwright-java-2159481666485240188\package\lib\server\chromium\crConnection.js:196:34)
    at CRExecutionContext.evaluateWithArguments (C:\Users\UPENDR~1\AppData\Local\Temp\playwright-java-2159481666485240188\package\lib\server\chromium\crExecutionContext.js:89:28)
    at FrameExecutionContext.evaluateWithArguments (C:\Users\UPENDR~1\AppData\Local\Temp\playwright-java-2159481666485240188\package\lib\server\javascript.js:73:61)
    at evaluateExpression (C:\Users\UPENDR~1\AppData\Local\Temp\playwright-java-2159481666485240188\package\lib\server\javascript.js:263:26)
    at async RerunnableTask.rerun (C:\Users\UPENDR~1\AppData\Local\Temp\playwright-java-2159481666485240188\package\lib\server\frames.js:1686:77)
}
at com.microsoft.playwright.impl.Connection.dispatch(Connection.java:228)
at com.microsoft.playwright.impl.Connection.processOneMessage(Connection.java:208)
at com.microsoft.playwright.impl.ChannelOwner.runUntil(ChannelOwner.java:101)
... 37 more
]]>
    </error>
  </testcase> <!-- logintoCCSandBox -->
  <system-out/>
  <testcase classname="TestScripts.loginToCC" name="afterMethod" time="0.010">
    <error message="Error {
  message=&#039;Target page, context or browser has been closed
  name=&#039;Error
  stack=&#039;Error: Target page, context or browser has been closed
    at DispatcherConnection.dispatch (C:\Users\UPENDR~1\AppData\Local\Temp\playwright-java-2159481666485240188\package\lib\dispatchers\dispatcher.js:248:49)
    at Transport.transport.onmessage (C:\Users\UPENDR~1\AppData\Local\Temp\playwright-java-2159481666485240188\package\lib\cli\driver.js:65:57)
    at Immediate._onImmediate (C:\Users\UPENDR~1\AppData\Local\Temp\playwright-java-2159481666485240188\package\lib\protocol\transport.js:89:34)
    at processImmediate (node:internal/timers:464:21)
}" type="com.microsoft.playwright.PlaywrightException">
      <![CDATA[com.microsoft.playwright.PlaywrightException: Error {
  message='Target page, context or browser has been closed
  name='Error
  stack='Error: Target page, context or browser has been closed
    at DispatcherConnection.dispatch (C:\Users\UPENDR~1\AppData\Local\Temp\playwright-java-2159481666485240188\package\lib\dispatchers\dispatcher.js:248:49)
    at Transport.transport.onmessage (C:\Users\UPENDR~1\AppData\Local\Temp\playwright-java-2159481666485240188\package\lib\cli\driver.js:65:57)
    at Immediate._onImmediate (C:\Users\UPENDR~1\AppData\Local\Temp\playwright-java-2159481666485240188\package\lib\protocol\transport.js:89:34)
    at processImmediate (node:internal/timers:464:21)
}
at com.microsoft.playwright.impl.WaitableResult.get(WaitableResult.java:54)
at com.microsoft.playwright.impl.ChannelOwner.runUntil(ChannelOwner.java:103)
at com.microsoft.playwright.impl.Connection.sendMessage(Connection.java:115)
at com.microsoft.playwright.impl.ChannelOwner.sendMessage(ChannelOwner.java:94)
at com.microsoft.playwright.impl.PageImpl.screenshotImpl(PageImpl.java:1035)
at com.microsoft.playwright.impl.PageImpl.lambda$screenshot$49(PageImpl.java:984)
at com.microsoft.playwright.impl.LoggingSupport.withLogging(LoggingSupport.java:47)
at com.microsoft.playwright.impl.ChannelOwner.withLogging(ChannelOwner.java:79)
at com.microsoft.playwright.impl.PageImpl.screenshot(PageImpl.java:984)
at baseClass.baseClass.afterMethod(baseClass.java:92)
at java.base/jdk.internal.reflect.DirectMethodHandleAccessor.invoke(DirectMethodHandleAccessor.java:104)
at java.base/java.lang.reflect.Method.invoke(Method.java:578)
at org.testng.internal.MethodInvocationHelper.invokeMethod(MethodInvocationHelper.java:133)
at org.testng.internal.MethodInvocationHelper.invokeMethodConsideringTimeout(MethodInvocationHelper.java:62)
at org.testng.internal.ConfigInvoker.invokeConfigurationMethod(ConfigInvoker.java:385)
at org.testng.internal.ConfigInvoker.invokeConfigurations(ConfigInvoker.java:321)
at org.testng.internal.TestInvoker.runConfigMethods(TestInvoker.java:700)
at org.testng.internal.TestInvoker.runAfterGroupsConfigurations(TestInvoker.java:676)
at org.testng.internal.TestInvoker.invokeMethod(TestInvoker.java:660)
at org.testng.internal.TestInvoker.invokeTestMethod(TestInvoker.java:173)
at org.testng.internal.MethodRunner.runInSequence(MethodRunner.java:46)
at org.testng.internal.TestInvoker$MethodInvocationAgent.invoke(TestInvoker.java:824)
at org.testng.internal.TestInvoker.invokeTestMethods(TestInvoker.java:146)
at org.testng.internal.TestMethodWorker.invokeTestMethods(TestMethodWorker.java:146)
at org.testng.internal.TestMethodWorker.run(TestMethodWorker.java:128)
at java.base/java.util.ArrayList.forEach(ArrayList.java:1511)
at org.testng.TestRunner.privateRun(TestRunner.java:794)
at org.testng.TestRunner.run(TestRunner.java:596)
at org.testng.SuiteRunner.runTest(SuiteRunner.java:377)
at org.testng.SuiteRunner.runSequentially(SuiteRunner.java:371)
at org.testng.SuiteRunner.privateRun(SuiteRunner.java:332)
at org.testng.SuiteRunner.run(SuiteRunner.java:276)
at org.testng.SuiteRunnerWorker.runSuite(SuiteRunnerWorker.java:53)
at org.testng.SuiteRunnerWorker.run(SuiteRunnerWorker.java:96)
at org.testng.TestNG.runSuitesSequentially(TestNG.java:1212)
at org.testng.TestNG.runSuitesLocally(TestNG.java:1134)
at org.testng.TestNG.runSuites(TestNG.java:1063)
at org.testng.TestNG.run(TestNG.java:1031)
at org.testng.remote.AbstractRemoteTestNG.run(AbstractRemoteTestNG.java:115)
at org.testng.remote.RemoteTestNG.initAndRun(RemoteTestNG.java:251)
at org.testng.remote.RemoteTestNG.main(RemoteTestNG.java:77)
Caused by: com.microsoft.playwright.impl.DriverException: Error {
  message='Target page, context or browser has been closed
  name='Error
  stack='Error: Target page, context or browser has been closed
    at DispatcherConnection.dispatch (C:\Users\UPENDR~1\AppData\Local\Temp\playwright-java-2159481666485240188\package\lib\dispatchers\dispatcher.js:248:49)
    at Transport.transport.onmessage (C:\Users\UPENDR~1\AppData\Local\Temp\playwright-java-2159481666485240188\package\lib\cli\driver.js:65:57)
    at Immediate._onImmediate (C:\Users\UPENDR~1\AppData\Local\Temp\playwright-java-2159481666485240188\package\lib\protocol\transport.js:89:34)
    at processImmediate (node:internal/timers:464:21)
}
at com.microsoft.playwright.impl.Connection.dispatch(Connection.java:228)
at com.microsoft.playwright.impl.Connection.processOneMessage(Connection.java:208)
at com.microsoft.playwright.impl.ChannelOwner.runUntil(ChannelOwner.java:101)
... 39 more
]]>
    </error>
  </testcase> <!-- afterMethod -->
  <system-out/>
  <testcase classname="TestScripts.loginToCC" name="tearDown" time="10.354">
    <error message="Error {
  message=&#039;Navigation failed because page was closed!
=========================== logs ===========================
navigating to &quot;c:\Users\Upendra Reddy\git\oms\playWrite\Reports\ProvidioTestReport.html&quot;, waiting until &quot;load&quot;
============================================================
  name=&#039;Error
  stack=&#039;Error: Navigation failed because page was closed!
=========================== logs ===========================
navigating to &quot;c:\Users\Upendra Reddy\git\oms\playWrite\Reports\ProvidioTestReport.html&quot;, waiting until &quot;load&quot;
============================================================
    at C:\Users\UPENDR~1\AppData\Local\Temp\playwright-java-2159481666485240188\package\lib\server\frames.js:617:13
}" type="com.microsoft.playwright.PlaywrightException">
      <![CDATA[com.microsoft.playwright.PlaywrightException: Error {
  message='Navigation failed because page was closed!
=========================== logs ===========================
navigating to "c:\Users\Upendra Reddy\git\oms\playWrite\Reports\ProvidioTestReport.html", waiting until "load"
============================================================
  name='Error
  stack='Error: Navigation failed because page was closed!
=========================== logs ===========================
navigating to "c:\Users\Upendra Reddy\git\oms\playWrite\Reports\ProvidioTestReport.html", waiting until "load"
============================================================
    at C:\Users\UPENDR~1\AppData\Local\Temp\playwright-java-2159481666485240188\package\lib\server\frames.js:617:13
}
at com.microsoft.playwright.impl.WaitableResult.get(WaitableResult.java:54)
at com.microsoft.playwright.impl.ChannelOwner.runUntil(ChannelOwner.java:103)
at com.microsoft.playwright.impl.Connection.sendMessage(Connection.java:115)
at com.microsoft.playwright.impl.ChannelOwner.sendMessage(ChannelOwner.java:94)
at com.microsoft.playwright.impl.FrameImpl.navigateImpl(FrameImpl.java:401)
at com.microsoft.playwright.impl.PageImpl.lambda$navigate$32(PageImpl.java:802)
at com.microsoft.playwright.impl.LoggingSupport.withLogging(LoggingSupport.java:47)
at com.microsoft.playwright.impl.ChannelOwner.withLogging(ChannelOwner.java:79)
at com.microsoft.playwright.impl.PageImpl.navigate(PageImpl.java:801)
at com.microsoft.playwright.impl.PageImpl.navigate(PageImpl.java:41)
at com.microsoft.playwright.Page.navigate(Page.java:4108)
at baseClass.baseClass.tearDown(baseClass.java:113)
at java.base/jdk.internal.reflect.DirectMethodHandleAccessor.invoke(DirectMethodHandleAccessor.java:104)
at java.base/java.lang.reflect.Method.invoke(Method.java:578)
at org.testng.internal.MethodInvocationHelper.invokeMethod(MethodInvocationHelper.java:133)
at org.testng.internal.MethodInvocationHelper.invokeMethodConsideringTimeout(MethodInvocationHelper.java:62)
at org.testng.internal.ConfigInvoker.invokeConfigurationMethod(ConfigInvoker.java:385)
at org.testng.internal.ConfigInvoker.invokeConfigurations(ConfigInvoker.java:321)
at org.testng.SuiteRunner.privateRun(SuiteRunner.java:344)
at org.testng.SuiteRunner.run(SuiteRunner.java:276)
at org.testng.SuiteRunnerWorker.runSuite(SuiteRunnerWorker.java:53)
at org.testng.SuiteRunnerWorker.run(SuiteRunnerWorker.java:96)
at org.testng.TestNG.runSuitesSequentially(TestNG.java:1212)
at org.testng.TestNG.runSuitesLocally(TestNG.java:1134)
at org.testng.TestNG.runSuites(TestNG.java:1063)
at org.testng.TestNG.run(TestNG.java:1031)
at org.testng.remote.AbstractRemoteTestNG.run(AbstractRemoteTestNG.java:115)
at org.testng.remote.RemoteTestNG.initAndRun(RemoteTestNG.java:251)
at org.testng.remote.RemoteTestNG.main(RemoteTestNG.java:77)
Caused by: com.microsoft.playwright.impl.DriverException: Error {
  message='Navigation failed because page was closed!
=========================== logs ===========================
navigating to "c:\Users\Upendra Reddy\git\oms\playWrite\Reports\ProvidioTestReport.html", waiting until "load"
============================================================
  name='Error
  stack='Error: Navigation failed because page was closed!
=========================== logs ===========================
navigating to "c:\Users\Upendra Reddy\git\oms\playWrite\Reports\ProvidioTestReport.html", waiting until "load"
============================================================
    at C:\Users\UPENDR~1\AppData\Local\Temp\playwright-java-2159481666485240188\package\lib\server\frames.js:617:13
}
at com.microsoft.playwright.impl.Connection.dispatch(Connection.java:228)
at com.microsoft.playwright.impl.Connection.processOneMessage(Connection.java:208)
at com.microsoft.playwright.impl.ChannelOwner.runUntil(ChannelOwner.java:101)
... 27 more
]]>
    </error>
  </testcase> <!-- tearDown -->
  <system-out/>
</testsuite> <!-- TestScripts.loginToCC -->
