<?xml version="1.0" encoding="UTF-8"?>
<!-- Generated by org.testng.reporters.JUnitReportReporter -->
<testsuite hostname="ETGLENLT30-PC" failures="0" tests="2" name="TestScripts.loginTest" time="47.782" errors="1" timestamp="2024-04-15T17:02:54 IST" skipped="0">
  <testcase classname="TestScripts.loginTest" name="tearDown" time="10.534">
    <error message="Error {
  message=&#039;Navigation failed because page was closed!
=========================== logs ===========================
navigating to &quot;c:\Users\Upendra Reddy\git\oms\playWrite\Reports\ProvidioTestReport.html&quot;, waiting until &quot;load&quot;
============================================================
  name=&#039;Error
  stack=&#039;Error: Navigation failed because page was closed!
=========================== logs ===========================
navigating to &quot;c:\Users\Upendra Reddy\git\oms\playWrite\Reports\ProvidioTestReport.html&quot;, waiting until &quot;load&quot;
============================================================
    at C:\Users\UPENDR~1\AppData\Local\Temp\playwright-java-15192000524418058082\package\lib\server\frames.js:617:13
}" type="com.microsoft.playwright.PlaywrightException">
      <![CDATA[com.microsoft.playwright.PlaywrightException: Error {
  message='Navigation failed because page was closed!
=========================== logs ===========================
navigating to "c:\Users\Upendra Reddy\git\oms\playWrite\Reports\ProvidioTestReport.html", waiting until "load"
============================================================
  name='Error
  stack='Error: Navigation failed because page was closed!
=========================== logs ===========================
navigating to "c:\Users\Upendra Reddy\git\oms\playWrite\Reports\ProvidioTestReport.html", waiting until "load"
============================================================
    at C:\Users\UPENDR~1\AppData\Local\Temp\playwright-java-15192000524418058082\package\lib\server\frames.js:617:13
}
at com.microsoft.playwright.impl.WaitableResult.get(WaitableResult.java:54)
at com.microsoft.playwright.impl.ChannelOwner.runUntil(ChannelOwner.java:103)
at com.microsoft.playwright.impl.Connection.sendMessage(Connection.java:115)
at com.microsoft.playwright.impl.ChannelOwner.sendMessage(ChannelOwner.java:94)
at com.microsoft.playwright.impl.FrameImpl.navigateImpl(FrameImpl.java:401)
at com.microsoft.playwright.impl.PageImpl.lambda$navigate$32(PageImpl.java:802)
at com.microsoft.playwright.impl.LoggingSupport.withLogging(LoggingSupport.java:47)
at com.microsoft.playwright.impl.ChannelOwner.withLogging(ChannelOwner.java:79)
at com.microsoft.playwright.impl.PageImpl.navigate(PageImpl.java:801)
at com.microsoft.playwright.impl.PageImpl.navigate(PageImpl.java:41)
at com.microsoft.playwright.Page.navigate(Page.java:4108)
at baseClass.baseClass.tearDown(baseClass.java:141)
at java.base/jdk.internal.reflect.DirectMethodHandleAccessor.invoke(DirectMethodHandleAccessor.java:104)
at java.base/java.lang.reflect.Method.invoke(Method.java:578)
at org.testng.internal.MethodInvocationHelper.invokeMethod(MethodInvocationHelper.java:133)
at org.testng.internal.MethodInvocationHelper.invokeMethodConsideringTimeout(MethodInvocationHelper.java:62)
at org.testng.internal.ConfigInvoker.invokeConfigurationMethod(ConfigInvoker.java:385)
at org.testng.internal.ConfigInvoker.invokeConfigurations(ConfigInvoker.java:321)
at org.testng.SuiteRunner.privateRun(SuiteRunner.java:344)
at org.testng.SuiteRunner.run(SuiteRunner.java:276)
at org.testng.SuiteRunnerWorker.runSuite(SuiteRunnerWorker.java:53)
at org.testng.SuiteRunnerWorker.run(SuiteRunnerWorker.java:96)
at org.testng.TestNG.runSuitesSequentially(TestNG.java:1212)
at org.testng.TestNG.runSuitesLocally(TestNG.java:1134)
at org.testng.TestNG.runSuites(TestNG.java:1063)
at org.testng.TestNG.run(TestNG.java:1031)
at org.testng.remote.AbstractRemoteTestNG.run(AbstractRemoteTestNG.java:115)
at org.testng.remote.RemoteTestNG.initAndRun(RemoteTestNG.java:251)
at org.testng.remote.RemoteTestNG.main(RemoteTestNG.java:77)
Caused by: com.microsoft.playwright.impl.DriverException: Error {
  message='Navigation failed because page was closed!
=========================== logs ===========================
navigating to "c:\Users\Upendra Reddy\git\oms\playWrite\Reports\ProvidioTestReport.html", waiting until "load"
============================================================
  name='Error
  stack='Error: Navigation failed because page was closed!
=========================== logs ===========================
navigating to "c:\Users\Upendra Reddy\git\oms\playWrite\Reports\ProvidioTestReport.html", waiting until "load"
============================================================
    at C:\Users\UPENDR~1\AppData\Local\Temp\playwright-java-15192000524418058082\package\lib\server\frames.js:617:13
}
at com.microsoft.playwright.impl.Connection.dispatch(Connection.java:228)
at com.microsoft.playwright.impl.Connection.processOneMessage(Connection.java:208)
at com.microsoft.playwright.impl.ChannelOwner.runUntil(ChannelOwner.java:101)
... 27 more
]]>
    </error>
  </testcase> <!-- tearDown -->
  <system-out/>
  <testcase classname="TestScripts.loginTest" name="Verifyinglogin" time="37.248"/>
  <system-out/>
</testsuite> <!-- TestScripts.loginTest -->
