<?xml version="1.0" encoding="UTF-8"?>
<!-- Generated by org.testng.reporters.JUnitReportReporter -->
<testsuite hostname="DESKTOP-P9MM3AH" failures="0" tests="1" name="TestScripts.loginTest" time="10.623" errors="0" timestamp="2024-04-02T12:00:24 IST" skipped="0">
  <testcase classname="TestScripts.loginTest" name="Verifyinglogin" time="10.623"/>
</testsuite> <!-- TestScripts.loginTest -->
