<?xml version="1.0" encoding="UTF-8"?>
<!-- Generated by org.testng.reporters.JUnitReportReporter -->
<testsuite hostname="ETGLENLT30-PC" failures="0" tests="2" name="TestScripts.OrgEditionandCurrencyCheck" time="19.280" errors="0" timestamp="2024-04-15T17:02:54 IST" skipped="0">
  <testcase classname="TestScripts.OrgEditionandCurrencyCheck" name="currecyIsSetToUsd" time="0.049"/>
  <system-out/>
  <testcase classname="TestScripts.OrgEditionandCurrencyCheck" name="orgEdtitionCheck" time="19.231"/>
  <system-out/>
</testsuite> <!-- TestScripts.OrgEditionandCurrencyCheck -->
