<?xml version="1.0" encoding="UTF-8"?>
<!-- Generated by org.testng.reporters.JUnitReportReporter -->
<testsuite hostname="DESKTOP-P9MM3AH" failures="0" tests="1" name="playWrite.lauchingBasics" time="7.358" errors="0" timestamp="2024-03-28T15:12:55 IST" skipped="0">
  <testcase classname="playWrite.lauchingBasics" name="main12353" time="7.358"/>
</testsuite> <!-- playWrite.lauchingBasics -->
